{"C:\\cygwin64\\home\\pibon\\sciconnect\\index.js": {"path":"C:\\cygwin64\\home\\pibon\\sciconnect\\index.js","statementMap":{"0":{"start":{"line":1,"column":16},"end":{"line":1,"column":34}},"1":{"start":{"line":2,"column":13},"end":{"line":2,"column":28}},"2":{"start":{"line":3,"column":13},"end":{"line":3,"column":28}},"3":{"start":{"line":4,"column":13},"end":{"line":4,"column":39}},"4":{"start":{"line":7,"column":0},"end":{"line":24,"column":57}},"5":{"start":{"line":24,"column":14},"end":{"line":24,"column":55}},"6":{"start":{"line":26,"column":12},"end":{"line":26,"column":21}},"7":{"start":{"line":27,"column":0},"end":{"line":27,"column":16}},"8":{"start":{"line":28,"column":0},"end":{"line":28,"column":41}},"9":{"start":{"line":31,"column":0},"end":{"line":31,"column":56}},"10":{"start":{"line":34,"column":0},"end":{"line":36,"column":3}},"11":{"start":{"line":35,"column":2},"end":{"line":35,"column":60}},"12":{"start":{"line":41,"column":0},"end":{"line":50,"column":3}},"13":{"start":{"line":42,"column":2},"end":{"line":49,"column":3}},"14":{"start":{"line":43,"column":19},"end":{"line":45,"column":5}},"15":{"start":{"line":46,"column":4},"end":{"line":46,"column":26}},"16":{"start":{"line":48,"column":4},"end":{"line":48,"column":51}},"17":{"start":{"line":53,"column":0},"end":{"line":86,"column":3}},"18":{"start":{"line":54,"column":47},"end":{"line":54,"column":56}},"19":{"start":{"line":55,"column":2},"end":{"line":85,"column":3}},"20":{"start":{"line":56,"column":16},"end":{"line":56,"column":149}},"21":{"start":{"line":57,"column":17},"end":{"line":57,"column":19}},"22":{"start":{"line":59,"column":4},"end":{"line":62,"column":5}},"23":{"start":{"line":60,"column":6},"end":{"line":60,"column":34}},"24":{"start":{"line":61,"column":6},"end":{"line":61,"column":88}},"25":{"start":{"line":63,"column":4},"end":{"line":66,"column":5}},"26":{"start":{"line":64,"column":6},"end":{"line":64,"column":26}},"27":{"start":{"line":65,"column":6},"end":{"line":65,"column":47}},"28":{"start":{"line":67,"column":4},"end":{"line":70,"column":5}},"29":{"start":{"line":68,"column":6},"end":{"line":68,"column":25}},"30":{"start":{"line":69,"column":6},"end":{"line":69,"column":46}},"31":{"start":{"line":71,"column":4},"end":{"line":74,"column":5}},"32":{"start":{"line":72,"column":6},"end":{"line":72,"column":23}},"33":{"start":{"line":73,"column":6},"end":{"line":73,"column":44}},"34":{"start":{"line":75,"column":4},"end":{"line":78,"column":5}},"35":{"start":{"line":76,"column":6},"end":{"line":76,"column":23}},"36":{"start":{"line":77,"column":6},"end":{"line":77,"column":62}},"37":{"start":{"line":80,"column":4},"end":{"line":80,"column":33}},"38":{"start":{"line":81,"column":19},"end":{"line":81,"column":50}},"39":{"start":{"line":82,"column":4},"end":{"line":82,"column":26}},"40":{"start":{"line":84,"column":4},"end":{"line":84,"column":51}},"41":{"start":{"line":89,"column":0},"end":{"line":101,"column":3}},"42":{"start":{"line":90,"column":17},"end":{"line":90,"column":27}},"43":{"start":{"line":91,"column":2},"end":{"line":100,"column":3}},"44":{"start":{"line":92,"column":19},"end":{"line":95,"column":5}},"45":{"start":{"line":96,"column":4},"end":{"line":96,"column":93}},"46":{"start":{"line":96,"column":34},"end":{"line":96,"column":93}},"47":{"start":{"line":97,"column":4},"end":{"line":97,"column":29}},"48":{"start":{"line":99,"column":4},"end":{"line":99,"column":51}},"49":{"start":{"line":104,"column":0},"end":{"line":122,"column":3}},"50":{"start":{"line":105,"column":79},"end":{"line":105,"column":87}},"51":{"start":{"line":106,"column":2},"end":{"line":106,"column":78}},"52":{"start":{"line":106,"column":17},"end":{"line":106,"column":78}},"53":{"start":{"line":107,"column":2},"end":{"line":107,"column":78}},"54":{"start":{"line":107,"column":17},"end":{"line":107,"column":78}},"55":{"start":{"line":108,"column":2},"end":{"line":108,"column":82}},"56":{"start":{"line":108,"column":19},"end":{"line":108,"column":82}},"57":{"start":{"line":109,"column":2},"end":{"line":109,"column":74}},"58":{"start":{"line":109,"column":15},"end":{"line":109,"column":74}},"59":{"start":{"line":111,"column":2},"end":{"line":121,"column":3}},"60":{"start":{"line":112,"column":19},"end":{"line":116,"column":5}},"61":{"start":{"line":117,"column":4},"end":{"line":117,"column":66}},"62":{"start":{"line":119,"column":4},"end":{"line":119,"column":121}},"63":{"start":{"line":119,"column":30},"end":{"line":119,"column":121}},"64":{"start":{"line":120,"column":4},"end":{"line":120,"column":67}},"65":{"start":{"line":125,"column":0},"end":{"line":144,"column":3}},"66":{"start":{"line":126,"column":30},"end":{"line":126,"column":38}},"67":{"start":{"line":129,"column":2},"end":{"line":131,"column":3}},"68":{"start":{"line":130,"column":4},"end":{"line":130,"column":54}},"69":{"start":{"line":133,"column":2},"end":{"line":143,"column":3}},"70":{"start":{"line":134,"column":22},"end":{"line":134,"column":85}},"71":{"start":{"line":135,"column":4},"end":{"line":135,"column":117}},"72":{"start":{"line":135,"column":37},"end":{"line":135,"column":117}},"73":{"start":{"line":137,"column":17},"end":{"line":137,"column":34}},"74":{"start":{"line":138,"column":4},"end":{"line":138,"column":111}},"75":{"start":{"line":138,"column":36},"end":{"line":138,"column":111}},"76":{"start":{"line":140,"column":4},"end":{"line":140,"column":38}},"77":{"start":{"line":142,"column":4},"end":{"line":142,"column":67}},"78":{"start":{"line":147,"column":0},"end":{"line":163,"column":3}},"79":{"start":{"line":148,"column":17},"end":{"line":148,"column":27}},"80":{"start":{"line":149,"column":92},"end":{"line":149,"column":100}},"81":{"start":{"line":151,"column":2},"end":{"line":162,"column":3}},"82":{"start":{"line":152,"column":19},"end":{"line":156,"column":5}},"83":{"start":{"line":158,"column":4},"end":{"line":158,"column":93}},"84":{"start":{"line":158,"column":34},"end":{"line":158,"column":93}},"85":{"start":{"line":159,"column":4},"end":{"line":159,"column":54}},"86":{"start":{"line":161,"column":4},"end":{"line":161,"column":51}},"87":{"start":{"line":166,"column":0},"end":{"line":180,"column":3}},"88":{"start":{"line":167,"column":17},"end":{"line":167,"column":27}},"89":{"start":{"line":168,"column":22},"end":{"line":168,"column":30}},"90":{"start":{"line":170,"column":2},"end":{"line":179,"column":3}},"91":{"start":{"line":171,"column":19},"end":{"line":174,"column":5}},"92":{"start":{"line":175,"column":4},"end":{"line":175,"column":93}},"93":{"start":{"line":175,"column":34},"end":{"line":175,"column":93}},"94":{"start":{"line":176,"column":4},"end":{"line":176,"column":54}},"95":{"start":{"line":178,"column":4},"end":{"line":178,"column":51}},"96":{"start":{"line":182,"column":13},"end":{"line":182,"column":37}},"97":{"start":{"line":183,"column":0},"end":{"line":185,"column":1}},"98":{"start":{"line":184,"column":2},"end":{"line":184,"column":84}},"99":{"start":{"line":184,"column":25},"end":{"line":184,"column":82}},"100":{"start":{"line":186,"column":0},"end":{"line":186,"column":21}}},"fnMap":{"0":{"name":"(anonymous_0)","decl":{"start":{"line":24,"column":9},"end":{"line":24,"column":10}},"loc":{"start":{"line":24,"column":14},"end":{"line":24,"column":55}},"line":24},"1":{"name":"(anonymous_1)","decl":{"start":{"line":34,"column":13},"end":{"line":34,"column":14}},"loc":{"start":{"line":34,"column":27},"end":{"line":36,"column":1}},"line":34},"2":{"name":"(anonymous_2)","decl":{"start":{"line":41,"column":22},"end":{"line":41,"column":23}},"loc":{"start":{"line":41,"column":42},"end":{"line":50,"column":1}},"line":41},"3":{"name":"(anonymous_3)","decl":{"start":{"line":53,"column":29},"end":{"line":53,"column":30}},"loc":{"start":{"line":53,"column":49},"end":{"line":86,"column":1}},"line":53},"4":{"name":"(anonymous_4)","decl":{"start":{"line":89,"column":26},"end":{"line":89,"column":27}},"loc":{"start":{"line":89,"column":46},"end":{"line":101,"column":1}},"line":89},"5":{"name":"(anonymous_5)","decl":{"start":{"line":104,"column":23},"end":{"line":104,"column":24}},"loc":{"start":{"line":104,"column":43},"end":{"line":122,"column":1}},"line":104},"6":{"name":"(anonymous_6)","decl":{"start":{"line":125,"column":29},"end":{"line":125,"column":30}},"loc":{"start":{"line":125,"column":49},"end":{"line":144,"column":1}},"line":125},"7":{"name":"(anonymous_7)","decl":{"start":{"line":147,"column":26},"end":{"line":147,"column":27}},"loc":{"start":{"line":147,"column":46},"end":{"line":163,"column":1}},"line":147},"8":{"name":"(anonymous_8)","decl":{"start":{"line":166,"column":39},"end":{"line":166,"column":40}},"loc":{"start":{"line":166,"column":59},"end":{"line":180,"column":1}},"line":166},"9":{"name":"(anonymous_9)","decl":{"start":{"line":184,"column":19},"end":{"line":184,"column":20}},"loc":{"start":{"line":184,"column":25},"end":{"line":184,"column":82}},"line":184}},"branchMap":{"0":{"loc":{"start":{"line":59,"column":4},"end":{"line":62,"column":5}},"type":"if","locations":[{"start":{"line":59,"column":4},"end":{"line":62,"column":5}},{"start":{},"end":{}}],"line":59},"1":{"loc":{"start":{"line":63,"column":4},"end":{"line":66,"column":5}},"type":"if","locations":[{"start":{"line":63,"column":4},"end":{"line":66,"column":5}},{"start":{},"end":{}}],"line":63},"2":{"loc":{"start":{"line":67,"column":4},"end":{"line":70,"column":5}},"type":"if","locations":[{"start":{"line":67,"column":4},"end":{"line":70,"column":5}},{"start":{},"end":{}}],"line":67},"3":{"loc":{"start":{"line":71,"column":4},"end":{"line":74,"column":5}},"type":"if","locations":[{"start":{"line":71,"column":4},"end":{"line":74,"column":5}},{"start":{},"end":{}}],"line":71},"4":{"loc":{"start":{"line":75,"column":4},"end":{"line":78,"column":5}},"type":"if","locations":[{"start":{"line":75,"column":4},"end":{"line":78,"column":5}},{"start":{},"end":{}}],"line":75},"5":{"loc":{"start":{"line":96,"column":4},"end":{"line":96,"column":93}},"type":"if","locations":[{"start":{"line":96,"column":4},"end":{"line":96,"column":93}},{"start":{},"end":{}}],"line":96},"6":{"loc":{"start":{"line":106,"column":2},"end":{"line":106,"column":78}},"type":"if","locations":[{"start":{"line":106,"column":2},"end":{"line":106,"column":78}},{"start":{},"end":{}}],"line":106},"7":{"loc":{"start":{"line":107,"column":2},"end":{"line":107,"column":78}},"type":"if","locations":[{"start":{"line":107,"column":2},"end":{"line":107,"column":78}},{"start":{},"end":{}}],"line":107},"8":{"loc":{"start":{"line":108,"column":2},"end":{"line":108,"column":82}},"type":"if","locations":[{"start":{"line":108,"column":2},"end":{"line":108,"column":82}},{"start":{},"end":{}}],"line":108},"9":{"loc":{"start":{"line":109,"column":2},"end":{"line":109,"column":74}},"type":"if","locations":[{"start":{"line":109,"column":2},"end":{"line":109,"column":74}},{"start":{},"end":{}}],"line":109},"10":{"loc":{"start":{"line":115,"column":78},"end":{"line":115,"column":100}},"type":"binary-expr","locations":[{"start":{"line":115,"column":78},"end":{"line":115,"column":83}},{"start":{"line":115,"column":87},"end":{"line":115,"column":100}}],"line":115},"11":{"loc":{"start":{"line":119,"column":4},"end":{"line":119,"column":121}},"type":"if","locations":[{"start":{"line":119,"column":4},"end":{"line":119,"column":121}},{"start":{},"end":{}}],"line":119},"12":{"loc":{"start":{"line":129,"column":2},"end":{"line":131,"column":3}},"type":"if","locations":[{"start":{"line":129,"column":2},"end":{"line":131,"column":3}},{"start":{},"end":{}}],"line":129},"13":{"loc":{"start":{"line":129,"column":6},"end":{"line":129,"column":60}},"type":"binary-expr","locations":[{"start":{"line":129,"column":6},"end":{"line":129,"column":33}},{"start":{"line":129,"column":37},"end":{"line":129,"column":60}}],"line":129},"14":{"loc":{"start":{"line":135,"column":4},"end":{"line":135,"column":117}},"type":"if","locations":[{"start":{"line":135,"column":4},"end":{"line":135,"column":117}},{"start":{},"end":{}}],"line":135},"15":{"loc":{"start":{"line":138,"column":4},"end":{"line":138,"column":111}},"type":"if","locations":[{"start":{"line":138,"column":4},"end":{"line":138,"column":111}},{"start":{},"end":{}}],"line":138},"16":{"loc":{"start":{"line":155,"column":78},"end":{"line":155,"column":92}},"type":"binary-expr","locations":[{"start":{"line":155,"column":78},"end":{"line":155,"column":84}},{"start":{"line":155,"column":88},"end":{"line":155,"column":92}}],"line":155},"17":{"loc":{"start":{"line":158,"column":4},"end":{"line":158,"column":93}},"type":"if","locations":[{"start":{"line":158,"column":4},"end":{"line":158,"column":93}},{"start":{},"end":{}}],"line":158},"18":{"loc":{"start":{"line":173,"column":7},"end":{"line":173,"column":45}},"type":"cond-expr","locations":[{"start":{"line":173,"column":31},"end":{"line":173,"column":38}},{"start":{"line":173,"column":41},"end":{"line":173,"column":45}}],"line":173},"19":{"loc":{"start":{"line":175,"column":4},"end":{"line":175,"column":93}},"type":"if","locations":[{"start":{"line":175,"column":4},"end":{"line":175,"column":93}},{"start":{},"end":{}}],"line":175},"20":{"loc":{"start":{"line":182,"column":13},"end":{"line":182,"column":37}},"type":"binary-expr","locations":[{"start":{"line":182,"column":13},"end":{"line":182,"column":29}},{"start":{"line":182,"column":33},"end":{"line":182,"column":37}}],"line":182},"21":{"loc":{"start":{"line":183,"column":0},"end":{"line":185,"column":1}},"type":"if","locations":[{"start":{"line":183,"column":0},"end":{"line":185,"column":1}},{"start":{},"end":{}}],"line":183}},"s":{"0":1,"1":1,"2":1,"3":1,"4":1,"5":0,"6":1,"7":1,"8":1,"9":1,"10":1,"11":1,"12":1,"13":0,"14":0,"15":0,"16":0,"17":1,"18":0,"19":0,"20":0,"21":0,"22":0,"23":0,"24":0,"25":0,"26":0,"27":0,"28":0,"29":0,"30":0,"31":0,"32":0,"33":0,"34":0,"35":0,"36":0,"37":0,"38":0,"39":0,"40":0,"41":1,"42":2,"43":2,"44":2,"45":2,"46":1,"47":1,"48":0,"49":1,"50":0,"51":0,"52":0,"53":0,"54":0,"55":0,"56":0,"57":0,"58":0,"59":0,"60":0,"61":0,"62":0,"63":0,"64":0,"65":1,"66":2,"67":2,"68":1,"69":1,"70":1,"71":1,"72":1,"73":0,"74":0,"75":0,"76":0,"77":0,"78":1,"79":0,"80":0,"81":0,"82":0,"83":0,"84":0,"85":0,"86":0,"87":1,"88":2,"89":2,"90":2,"91":2,"92":2,"93":1,"94":1,"95":0,"96":1,"97":1,"98":0,"99":0,"100":1},"f":{"0":0,"1":1,"2":0,"3":0,"4":2,"5":0,"6":2,"7":0,"8":2,"9":0},"b":{"0":[0,0],"1":[0,0],"2":[0,0],"3":[0,0],"4":[0,0],"5":[1,1],"6":[0,0],"7":[0,0],"8":[0,0],"9":[0,0],"10":[0,0],"11":[0,0],"12":[1,1],"13":[2,1],"14":[1,0],"15":[0,0],"16":[0,0],"17":[0,0],"18":[2,0],"19":[1,1],"20":[1,1],"21":[0,1]},"_coverageSchema":"1a1c01bbd47fc00a2c39e90264f33305004495a9","hash":"df24a9e3694e519388b8a0a09ea5966f54e836b3"}
,"C:\\cygwin64\\home\\pibon\\sciconnect\\controllers\\users.js": {"path":"C:\\cygwin64\\home\\pibon\\sciconnect\\controllers\\users.js","statementMap":{"0":{"start":{"line":2,"column":13},"end":{"line":2,"column":40}},"1":{"start":{"line":5,"column":14},"end":{"line":39,"column":1}},"2":{"start":{"line":6,"column":30},"end":{"line":6,"column":38}},"3":{"start":{"line":8,"column":2},"end":{"line":12,"column":3}},"4":{"start":{"line":9,"column":4},"end":{"line":11,"column":6}},"5":{"start":{"line":14,"column":16},"end":{"line":16,"column":3}},"6":{"start":{"line":18,"column":15},"end":{"line":18,"column":49}},"7":{"start":{"line":18,"column":31},"end":{"line":18,"column":48}},"8":{"start":{"line":20,"column":2},"end":{"line":24,"column":3}},"9":{"start":{"line":21,"column":4},"end":{"line":23,"column":6}},"10":{"start":{"line":26,"column":2},"end":{"line":30,"column":3}},"11":{"start":{"line":27,"column":4},"end":{"line":29,"column":6}},"12":{"start":{"line":32,"column":2},"end":{"line":38,"column":4}},"13":{"start":{"line":44,"column":16},"end":{"line":82,"column":1}},"14":{"start":{"line":45,"column":92},"end":{"line":45,"column":100}},"15":{"start":{"line":47,"column":2},"end":{"line":47,"column":94}},"16":{"start":{"line":47,"column":17},"end":{"line":47,"column":94}},"17":{"start":{"line":48,"column":2},"end":{"line":48,"column":94}},"18":{"start":{"line":48,"column":17},"end":{"line":48,"column":94}},"19":{"start":{"line":49,"column":2},"end":{"line":49,"column":98}},"20":{"start":{"line":49,"column":19},"end":{"line":49,"column":98}},"21":{"start":{"line":50,"column":2},"end":{"line":50,"column":90}},"22":{"start":{"line":50,"column":15},"end":{"line":50,"column":90}},"23":{"start":{"line":52,"column":21},"end":{"line":52,"column":47}},"24":{"start":{"line":54,"column":2},"end":{"line":81,"column":3}},"25":{"start":{"line":55,"column":19},"end":{"line":73,"column":5}},"26":{"start":{"line":75,"column":4},"end":{"line":75,"column":66}},"27":{"start":{"line":77,"column":4},"end":{"line":79,"column":5}},"28":{"start":{"line":78,"column":6},"end":{"line":78,"column":102}},"29":{"start":{"line":80,"column":4},"end":{"line":80,"column":67}},"30":{"start":{"line":85,"column":17},"end":{"line":94,"column":1}},"31":{"start":{"line":86,"column":2},"end":{"line":93,"column":3}},"32":{"start":{"line":87,"column":19},"end":{"line":89,"column":5}},"33":{"start":{"line":90,"column":4},"end":{"line":90,"column":26}},"34":{"start":{"line":92,"column":4},"end":{"line":92,"column":51}},"35":{"start":{"line":97,"column":20},"end":{"line":124,"column":1}},"36":{"start":{"line":98,"column":37},"end":{"line":98,"column":46}},"37":{"start":{"line":100,"column":2},"end":{"line":123,"column":3}},"38":{"start":{"line":101,"column":16},"end":{"line":101,"column":114}},"39":{"start":{"line":102,"column":17},"end":{"line":102,"column":19}},"40":{"start":{"line":104,"column":4},"end":{"line":107,"column":5}},"41":{"start":{"line":105,"column":6},"end":{"line":105,"column":34}},"42":{"start":{"line":106,"column":6},"end":{"line":106,"column":55}},"43":{"start":{"line":108,"column":4},"end":{"line":111,"column":5}},"44":{"start":{"line":109,"column":6},"end":{"line":109,"column":26}},"45":{"start":{"line":110,"column":6},"end":{"line":110,"column":47}},"46":{"start":{"line":112,"column":4},"end":{"line":115,"column":5}},"47":{"start":{"line":113,"column":6},"end":{"line":113,"column":25}},"48":{"start":{"line":114,"column":6},"end":{"line":114,"column":46}},"49":{"start":{"line":117,"column":4},"end":{"line":117,"column":29}},"50":{"start":{"line":119,"column":19},"end":{"line":119,"column":50}},"51":{"start":{"line":120,"column":4},"end":{"line":120,"column":26}},"52":{"start":{"line":122,"column":4},"end":{"line":122,"column":51}},"53":{"start":{"line":127,"column":19},"end":{"line":145,"column":1}},"54":{"start":{"line":128,"column":17},"end":{"line":128,"column":27}},"55":{"start":{"line":129,"column":70},"end":{"line":129,"column":78}},"56":{"start":{"line":131,"column":2},"end":{"line":144,"column":3}},"57":{"start":{"line":132,"column":19},"end":{"line":136,"column":5}},"58":{"start":{"line":138,"column":4},"end":{"line":140,"column":5}},"59":{"start":{"line":139,"column":6},"end":{"line":139,"column":65}},"60":{"start":{"line":141,"column":4},"end":{"line":141,"column":29}},"61":{"start":{"line":143,"column":4},"end":{"line":143,"column":51}},"62":{"start":{"line":147,"column":0},"end":{"line":147,"column":71}}},"fnMap":{"0":{"name":"(anonymous_0)","decl":{"start":{"line":5,"column":14},"end":{"line":5,"column":15}},"loc":{"start":{"line":5,"column":28},"end":{"line":39,"column":1}},"line":5},"1":{"name":"(anonymous_1)","decl":{"start":{"line":18,"column":26},"end":{"line":18,"column":27}},"loc":{"start":{"line":18,"column":31},"end":{"line":18,"column":48}},"line":18},"2":{"name":"(anonymous_2)","decl":{"start":{"line":44,"column":16},"end":{"line":44,"column":17}},"loc":{"start":{"line":44,"column":36},"end":{"line":82,"column":1}},"line":44},"3":{"name":"(anonymous_3)","decl":{"start":{"line":85,"column":17},"end":{"line":85,"column":18}},"loc":{"start":{"line":85,"column":37},"end":{"line":94,"column":1}},"line":85},"4":{"name":"(anonymous_4)","decl":{"start":{"line":97,"column":20},"end":{"line":97,"column":21}},"loc":{"start":{"line":97,"column":40},"end":{"line":124,"column":1}},"line":97},"5":{"name":"(anonymous_5)","decl":{"start":{"line":127,"column":19},"end":{"line":127,"column":20}},"loc":{"start":{"line":127,"column":39},"end":{"line":145,"column":1}},"line":127}},"branchMap":{"0":{"loc":{"start":{"line":8,"column":2},"end":{"line":12,"column":3}},"type":"if","locations":[{"start":{"line":8,"column":2},"end":{"line":12,"column":3}},{"start":{},"end":{}}],"line":8},"1":{"loc":{"start":{"line":8,"column":6},"end":{"line":8,"column":25}},"type":"binary-expr","locations":[{"start":{"line":8,"column":6},"end":{"line":8,"column":12}},{"start":{"line":8,"column":16},"end":{"line":8,"column":25}}],"line":8},"2":{"loc":{"start":{"line":20,"column":2},"end":{"line":24,"column":3}},"type":"if","locations":[{"start":{"line":20,"column":2},"end":{"line":24,"column":3}},{"start":{},"end":{}}],"line":20},"3":{"loc":{"start":{"line":26,"column":2},"end":{"line":30,"column":3}},"type":"if","locations":[{"start":{"line":26,"column":2},"end":{"line":30,"column":3}},{"start":{},"end":{}}],"line":26},"4":{"loc":{"start":{"line":47,"column":2},"end":{"line":47,"column":94}},"type":"if","locations":[{"start":{"line":47,"column":2},"end":{"line":47,"column":94}},{"start":{},"end":{}}],"line":47},"5":{"loc":{"start":{"line":48,"column":2},"end":{"line":48,"column":94}},"type":"if","locations":[{"start":{"line":48,"column":2},"end":{"line":48,"column":94}},{"start":{},"end":{}}],"line":48},"6":{"loc":{"start":{"line":49,"column":2},"end":{"line":49,"column":98}},"type":"if","locations":[{"start":{"line":49,"column":2},"end":{"line":49,"column":98}},{"start":{},"end":{}}],"line":49},"7":{"loc":{"start":{"line":50,"column":2},"end":{"line":50,"column":90}},"type":"if","locations":[{"start":{"line":50,"column":2},"end":{"line":50,"column":90}},{"start":{},"end":{}}],"line":50},"8":{"loc":{"start":{"line":68,"column":8},"end":{"line":68,"column":30}},"type":"binary-expr","locations":[{"start":{"line":68,"column":8},"end":{"line":68,"column":13}},{"start":{"line":68,"column":17},"end":{"line":68,"column":30}}],"line":68},"9":{"loc":{"start":{"line":69,"column":8},"end":{"line":69,"column":17}},"type":"binary-expr","locations":[{"start":{"line":69,"column":8},"end":{"line":69,"column":11}},{"start":{"line":69,"column":15},"end":{"line":69,"column":17}}],"line":69},"10":{"loc":{"start":{"line":70,"column":8},"end":{"line":70,"column":22}},"type":"binary-expr","locations":[{"start":{"line":70,"column":8},"end":{"line":70,"column":14}},{"start":{"line":70,"column":18},"end":{"line":70,"column":22}}],"line":70},"11":{"loc":{"start":{"line":77,"column":4},"end":{"line":79,"column":5}},"type":"if","locations":[{"start":{"line":77,"column":4},"end":{"line":79,"column":5}},{"start":{},"end":{}}],"line":77},"12":{"loc":{"start":{"line":104,"column":4},"end":{"line":107,"column":5}},"type":"if","locations":[{"start":{"line":104,"column":4},"end":{"line":107,"column":5}},{"start":{},"end":{}}],"line":104},"13":{"loc":{"start":{"line":108,"column":4},"end":{"line":111,"column":5}},"type":"if","locations":[{"start":{"line":108,"column":4},"end":{"line":111,"column":5}},{"start":{},"end":{}}],"line":108},"14":{"loc":{"start":{"line":112,"column":4},"end":{"line":115,"column":5}},"type":"if","locations":[{"start":{"line":112,"column":4},"end":{"line":115,"column":5}},{"start":{},"end":{}}],"line":112},"15":{"loc":{"start":{"line":135,"column":56},"end":{"line":135,"column":70}},"type":"binary-expr","locations":[{"start":{"line":135,"column":56},"end":{"line":135,"column":62}},{"start":{"line":135,"column":66},"end":{"line":135,"column":70}}],"line":135},"16":{"loc":{"start":{"line":138,"column":4},"end":{"line":140,"column":5}},"type":"if","locations":[{"start":{"line":138,"column":4},"end":{"line":140,"column":5}},{"start":{},"end":{}}],"line":138}},"s":{"0":6,"1":6,"2":4,"3":4,"4":1,"5":3,"6":3,"7":3,"8":3,"9":1,"10":2,"11":1,"12":1,"13":6,"14":13,"15":13,"16":1,"17":12,"18":3,"19":9,"20":2,"21":7,"22":1,"23":6,"24":6,"25":6,"26":5,"27":1,"28":1,"29":0,"30":6,"31":1,"32":1,"33":1,"34":0,"35":6,"36":1,"37":1,"38":1,"39":1,"40":1,"41":1,"42":1,"43":1,"44":1,"45":1,"46":1,"47":0,"48":0,"49":1,"50":1,"51":1,"52":0,"53":6,"54":2,"55":2,"56":2,"57":2,"58":2,"59":1,"60":1,"61":0,"62":6},"f":{"0":4,"1":3,"2":13,"3":1,"4":1,"5":2},"b":{"0":[1,3],"1":[4,4],"2":[1,2],"3":[1,1],"4":[1,12],"5":[3,9],"6":[2,7],"7":[1,6],"8":[6,6],"9":[6,6],"10":[6,6],"11":[1,0],"12":[1,0],"13":[1,0],"14":[0,1],"15":[2,2],"16":[1,1]},"_coverageSchema":"1a1c01bbd47fc00a2c39e90264f33305004495a9","hash":"29768a1ba66d37bfc40c160ec71ef0585b166947"}
,"C:\\cygwin64\\home\\pibon\\sciconnect\\db\\connection.js": {"path":"C:\\cygwin64\\home\\pibon\\sciconnect\\db\\connection.js","statementMap":{"0":{"start":{"line":2,"column":17},"end":{"line":2,"column":30}},"1":{"start":{"line":5,"column":13},"end":{"line":11,"column":2}},"2":{"start":{"line":14,"column":0},"end":{"line":21,"column":1}},"3":{"start":{"line":15,"column":2},"end":{"line":20,"column":69}},"4":{"start":{"line":17,"column":6},"end":{"line":17,"column":55}},"5":{"start":{"line":18,"column":6},"end":{"line":18,"column":23}},"6":{"start":{"line":20,"column":18},"end":{"line":20,"column":67}},"7":{"start":{"line":23,"column":0},"end":{"line":23,"column":22}}},"fnMap":{"0":{"name":"(anonymous_0)","decl":{"start":{"line":16,"column":10},"end":{"line":16,"column":11}},"loc":{"start":{"line":16,"column":20},"end":{"line":19,"column":5}},"line":16},"1":{"name":"(anonymous_1)","decl":{"start":{"line":20,"column":11},"end":{"line":20,"column":12}},"loc":{"start":{"line":20,"column":18},"end":{"line":20,"column":67}},"line":20}},"branchMap":{"0":{"loc":{"start":{"line":14,"column":0},"end":{"line":21,"column":1}},"type":"if","locations":[{"start":{"line":14,"column":0},"end":{"line":21,"column":1}},{"start":{},"end":{}}],"line":14}},"s":{"0":1,"1":1,"2":1,"3":0,"4":0,"5":0,"6":0,"7":1},"f":{"0":0,"1":0},"b":{"0":[0,1]},"_coverageSchema":"1a1c01bbd47fc00a2c39e90264f33305004495a9","hash":"32395a68fdcd44975c771fc7dc096f2c942d0609"}
}
