TN:
SF:index.js
FN:24,(anonymous_0)
FN:34,(anonymous_1)
FN:41,(anonymous_2)
FN:53,(anonymous_3)
FN:89,(anonymous_4)
FN:104,(anonymous_5)
FN:125,(anonymous_6)
FN:147,(anonymous_7)
FN:166,(anonymous_8)
FN:184,(anonymous_9)
FNF:10
FNH:4
FNDA:0,(anonymous_0)
FNDA:1,(anonymous_1)
FNDA:0,(anonymous_2)
FNDA:0,(anonymous_3)
FNDA:2,(anonymous_4)
FNDA:0,(anonymous_5)
FNDA:2,(anonymous_6)
FNDA:0,(anonymous_7)
FNDA:2,(anonymous_8)
FNDA:0,(anonymous_9)
DA:1,1
DA:2,1
DA:3,1
DA:4,1
DA:7,1
DA:24,0
DA:26,1
DA:27,1
DA:28,1
DA:31,1
DA:34,1
DA:35,1
DA:41,1
DA:42,0
DA:43,0
DA:46,0
DA:48,0
DA:53,1
DA:54,0
DA:55,0
DA:56,0
DA:57,0
DA:59,0
DA:60,0
DA:61,0
DA:63,0
DA:64,0
DA:65,0
DA:67,0
DA:68,0
DA:69,0
DA:71,0
DA:72,0
DA:73,0
DA:75,0
DA:76,0
DA:77,0
DA:80,0
DA:81,0
DA:82,0
DA:84,0
DA:89,1
DA:90,2
DA:91,2
DA:92,2
DA:96,2
DA:97,1
DA:99,0
DA:104,1
DA:105,0
DA:106,0
DA:107,0
DA:108,0
DA:109,0
DA:111,0
DA:112,0
DA:117,0
DA:119,0
DA:120,0
DA:125,1
DA:126,2
DA:129,2
DA:130,1
DA:133,1
DA:134,1
DA:135,1
DA:137,0
DA:138,0
DA:140,0
DA:142,0
DA:147,1
DA:148,0
DA:149,0
DA:151,0
DA:152,0
DA:158,0
DA:159,0
DA:161,0
DA:166,1
DA:167,2
DA:168,2
DA:170,2
DA:171,2
DA:175,2
DA:176,1
DA:178,0
DA:182,1
DA:183,1
DA:184,0
DA:186,1
LF:90
LH:38
BRDA:59,0,0,0
BRDA:59,0,1,0
BRDA:63,1,0,0
BRDA:63,1,1,0
BRDA:67,2,0,0
BRDA:67,2,1,0
BRDA:71,3,0,0
BRDA:71,3,1,0
BRDA:75,4,0,0
BRDA:75,4,1,0
BRDA:96,5,0,1
BRDA:96,5,1,1
BRDA:106,6,0,0
BRDA:106,6,1,0
BRDA:107,7,0,0
BRDA:107,7,1,0
BRDA:108,8,0,0
BRDA:108,8,1,0
BRDA:109,9,0,0
BRDA:109,9,1,0
BRDA:115,10,0,0
BRDA:115,10,1,0
BRDA:119,11,0,0
BRDA:119,11,1,0
BRDA:129,12,0,1
BRDA:129,12,1,1
BRDA:129,13,0,2
BRDA:129,13,1,1
BRDA:135,14,0,1
BRDA:135,14,1,0
BRDA:138,15,0,0
BRDA:138,15,1,0
BRDA:155,16,0,0
BRDA:155,16,1,0
BRDA:158,17,0,0
BRDA:158,17,1,0
BRDA:173,18,0,2
BRDA:173,18,1,0
BRDA:175,19,0,1
BRDA:175,19,1,1
BRDA:182,20,0,1
BRDA:182,20,1,1
BRDA:183,21,0,0
BRDA:183,21,1,1
BRF:44
BRH:13
end_of_record
TN:
SF:controllers\users.js
FN:5,(anonymous_0)
FN:18,(anonymous_1)
FN:44,(anonymous_2)
FN:85,(anonymous_3)
FN:97,(anonymous_4)
FN:127,(anonymous_5)
FNF:6
FNH:6
FNDA:4,(anonymous_0)
FNDA:3,(anonymous_1)
FNDA:13,(anonymous_2)
FNDA:1,(anonymous_3)
FNDA:1,(anonymous_4)
FNDA:2,(anonymous_5)
DA:2,6
DA:5,6
DA:6,4
DA:8,4
DA:9,1
DA:14,3
DA:18,3
DA:20,3
DA:21,1
DA:26,2
DA:27,1
DA:32,1
DA:44,6
DA:45,13
DA:47,13
DA:48,12
DA:49,9
DA:50,7
DA:52,6
DA:54,6
DA:55,6
DA:75,5
DA:77,1
DA:78,1
DA:80,0
DA:85,6
DA:86,1
DA:87,1
DA:90,1
DA:92,0
DA:97,6
DA:98,1
DA:100,1
DA:101,1
DA:102,1
DA:104,1
DA:105,1
DA:106,1
DA:108,1
DA:109,1
DA:110,1
DA:112,1
DA:113,0
DA:114,0
DA:117,1
DA:119,1
DA:120,1
DA:122,0
DA:127,6
DA:128,2
DA:129,2
DA:131,2
DA:132,2
DA:138,2
DA:139,1
DA:141,1
DA:143,0
DA:147,6
LF:58
LH:52
BRDA:8,0,0,1
BRDA:8,0,1,3
BRDA:8,1,0,4
BRDA:8,1,1,4
BRDA:20,2,0,1
BRDA:20,2,1,2
BRDA:26,3,0,1
BRDA:26,3,1,1
BRDA:47,4,0,1
BRDA:47,4,1,12
BRDA:48,5,0,3
BRDA:48,5,1,9
BRDA:49,6,0,2
BRDA:49,6,1,7
BRDA:50,7,0,1
BRDA:50,7,1,6
BRDA:68,8,0,6
BRDA:68,8,1,6
BRDA:69,9,0,6
BRDA:69,9,1,6
BRDA:70,10,0,6
BRDA:70,10,1,6
BRDA:77,11,0,1
BRDA:77,11,1,0
BRDA:104,12,0,1
BRDA:104,12,1,0
BRDA:108,13,0,1
BRDA:108,13,1,0
BRDA:112,14,0,0
BRDA:112,14,1,1
BRDA:135,15,0,2
BRDA:135,15,1,2
BRDA:138,16,0,1
BRDA:138,16,1,1
BRF:34
BRH:30
end_of_record
TN:
SF:db\connection.js
FN:16,(anonymous_0)
FN:20,(anonymous_1)
FNF:2
FNH:0
FNDA:0,(anonymous_0)
FNDA:0,(anonymous_1)
DA:2,1
DA:5,1
DA:14,1
DA:15,0
DA:17,0
DA:18,0
DA:20,0
DA:23,1
LF:8
LH:4
BRDA:14,0,0,0
BRDA:14,0,1,1
BRF:2
BRH:1
end_of_record
